<?xml version="1.0" encoding="UTF-8"?>
<!-- Generated by org.testng.reporters.JUnitXMLReporter -->
<testsuite hostname="mindc1d221" ignored="18" name="Test" tests="10" failures="0" timestamp="2022-05-23T15:13:05 IST" time="101.857" errors="0">
  <testcase name="checkShowPassword" time="5.06" classname="com.mindtree.runner.TC_signup_002"/>
  <testcase name="AlreadyTakenEmail" time="6.755" classname="com.mindtree.runner.TC_signup_003"/>
  <testcase name="verifyTitle" time="0.008" classname="com.mindtree.runner.TC_verifytitle_001"/>
  <testcase name="checkLogoutFunction" time="8.206" classname="com.mindtree.runner.TC_logout_013"/>
  <testcase name="loginTest" time="9.346" classname="com.mindtree.runner.TC_login_007"/>
  <testcase name="checkStoresInfo" time="10.608" classname="com.mindtree.runner.TC_stores_032"/>
  <testcase name="validateCategory" time="2.065" classname="com.mindtree.runner.TC_filters_036"/>
  <testcase name="validateSearch" time="2.006" classname="com.mindtree.runner.TC_search_016"/>
  <testcase name="wishListTest" time="8.941" classname="com.mindtree.runner.TC_wishlist_027"/>
  <testcase name="trackOrderFeature" time="9.606" classname="com.mindtree.runner.TC_trackorder_024"/>
  <testcase name="@AfterSuite afterSuite" time="0.0" classname="com.mindtree.utility.BaseClass">
    <ignored/>
  </testcase> <!-- @AfterSuite afterSuite -->
  <testcase name="@AfterSuite afterSuite" time="0.0" classname="com.mindtree.utility.BaseClass">
    <ignored/>
  </testcase> <!-- @AfterSuite afterSuite -->
  <testcase name="@AfterSuite afterSuite" time="0.0" classname="com.mindtree.utility.BaseClass">
    <ignored/>
  </testcase> <!-- @AfterSuite afterSuite -->
  <testcase name="@AfterSuite afterSuite" time="0.0" classname="com.mindtree.utility.BaseClass">
    <ignored/>
  </testcase> <!-- @AfterSuite afterSuite -->
  <testcase name="@AfterSuite afterSuite" time="0.0" classname="com.mindtree.utility.BaseClass">
    <ignored/>
  </testcase> <!-- @AfterSuite afterSuite -->
  <testcase name="@AfterSuite afterSuite" time="0.0" classname="com.mindtree.utility.BaseClass">
    <ignored/>
  </testcase> <!-- @AfterSuite afterSuite -->
  <testcase name="@AfterSuite afterSuite" time="0.0" classname="com.mindtree.utility.BaseClass">
    <ignored/>
  </testcase> <!-- @AfterSuite afterSuite -->
  <testcase name="@AfterSuite afterSuite" time="0.0" classname="com.mindtree.utility.BaseClass">
    <ignored/>
  </testcase> <!-- @AfterSuite afterSuite -->
  <testcase name="@AfterSuite afterSuite" time="0.0" classname="com.mindtree.utility.BaseClass">
    <ignored/>
  </testcase> <!-- @AfterSuite afterSuite -->
  <testcase name="@BeforeSuite logConfig" time="0.0" classname="com.mindtree.utility.BaseClass">
    <ignored/>
  </testcase> <!-- @BeforeSuite logConfig -->
  <testcase name="@BeforeSuite logConfig" time="0.0" classname="com.mindtree.utility.BaseClass">
    <ignored/>
  </testcase> <!-- @BeforeSuite logConfig -->
  <testcase name="@BeforeSuite logConfig" time="0.0" classname="com.mindtree.utility.BaseClass">
    <ignored/>
  </testcase> <!-- @BeforeSuite logConfig -->
  <testcase name="@BeforeSuite logConfig" time="0.0" classname="com.mindtree.utility.BaseClass">
    <ignored/>
  </testcase> <!-- @BeforeSuite logConfig -->
  <testcase name="@BeforeSuite logConfig" time="0.0" classname="com.mindtree.utility.BaseClass">
    <ignored/>
  </testcase> <!-- @BeforeSuite logConfig -->
  <testcase name="@BeforeSuite logConfig" time="0.0" classname="com.mindtree.utility.BaseClass">
    <ignored/>
  </testcase> <!-- @BeforeSuite logConfig -->
  <testcase name="@BeforeSuite logConfig" time="0.0" classname="com.mindtree.utility.BaseClass">
    <ignored/>
  </testcase> <!-- @BeforeSuite logConfig -->
  <testcase name="@BeforeSuite logConfig" time="0.0" classname="com.mindtree.utility.BaseClass">
    <ignored/>
  </testcase> <!-- @BeforeSuite logConfig -->
  <testcase name="@BeforeSuite logConfig" time="0.0" classname="com.mindtree.utility.BaseClass">
    <ignored/>
  </testcase> <!-- @BeforeSuite logConfig -->
</testsuite> <!-- Test -->
